# JRE version: Java(TM) SE Runtime Environment (8.0_144-b01) (build 1.8.0_144-b01)
# Java VM: Java HotSpot(TM) 64-Bit Server VM (25.144-b01 mixed mode linux-amd64 compressed oops)
Heap:
 PSYoungGen      total 137216K, used 10214K [0x00000000eab00000, 0x00000000f3b00000, 0x0000000100000000)
  eden space 126976K, 0% used [0x00000000eab00000,0x00000000eab00000,0x00000000f2700000)
  from space 10240K, 99% used [0x00000000f2700000,0x00000000f30f9ac8,0x00000000f3100000)
  to   space 9728K, 0% used [0x00000000f3180000,0x00000000f3180000,0x00000000f3b00000)
 ParOldGen       total 49152K, used 16075K [0x00000000c0000000, 0x00000000c3000000, 0x00000000eab00000)
  object space 49152K, 32% used [0x00000000c0000000,0x00000000c0fb2e48,0x00000000c3000000)
 Metaspace       used 34619K, capacity 35200K, committed 35456K, reserved 1079296K
  class space    used 4749K, capacity 4924K, committed 4992K, reserved 1048576K
GC Heap History (10 events):
Event: 935,634 GC heap after
Heap after GC invocations=3 (full 0):
 PSYoungGen      total 36864K, used 5088K [0x00000000eab00000, 0x00000000ef300000, 0x0000000100000000)
  eden space 31744K, 0% used [0x00000000eab00000,0x00000000eab00000,0x00000000eca00000)
  from space 5120K, 99% used [0x00000000eca00000,0x00000000ecef8010,0x00000000ecf00000)
  to   space 5120K, 0% used [0x00000000eee00000,0x00000000eee00000,0x00000000ef300000)
 ParOldGen       total 84992K, used 4630K [0x00000000c0000000, 0x00000000c5300000, 0x00000000eab00000)
  object space 84992K, 5% used [0x00000000c0000000,0x00000000c0485988,0x00000000c5300000)
 Metaspace       used 17764K, capacity 18092K, committed 18176K, reserved 1064960K
  class space    used 2433K, capacity 2542K, committed 2560K, reserved 1048576K
}
Event: 936,791 GC heap before
{Heap before GC invocations=4 (full 0):
 PSYoungGen      total 36864K, used 34195K [0x00000000eab00000, 0x00000000ef300000, 0x0000000100000000)
  eden space 31744K, 91% used [0x00000000eab00000,0x00000000ec76ce68,0x00000000eca00000)
  from space 5120K, 99% used [0x00000000eca00000,0x00000000ecef8010,0x00000000ecf00000)
  to   space 5120K, 0% used [0x00000000eee00000,0x00000000eee00000,0x00000000ef300000)
 ParOldGen       total 84992K, used 4630K [0x00000000c0000000, 0x00000000c5300000, 0x00000000eab00000)
  object space 84992K, 5% used [0x00000000c0000000,0x00000000c0485988,0x00000000c5300000)
 Metaspace       used 20812K, capacity 21112K, committed 21296K, reserved 1067008K
  class space    used 2821K, capacity 2929K, committed 2944K, reserved 1048576K
Event: 936,861 GC heap after
Heap after GC invocations=4 (full 0):
 PSYoungGen      total 68608K, used 5088K [0x00000000eab00000, 0x00000000ef300000, 0x0000000100000000)
  eden space 63488K, 0% used [0x00000000eab00000,0x00000000eab00000,0x00000000ee900000)
  from space 5120K, 99% used [0x00000000eee00000,0x00000000ef2f8050,0x00000000ef300000)
  to   space 5120K, 0% used [0x00000000ee900000,0x00000000ee900000,0x00000000eee00000)
 ParOldGen       total 84992K, used 8241K [0x00000000c0000000, 0x00000000c5300000, 0x00000000eab00000)
  object space 84992K, 9% used [0x00000000c0000000,0x00000000c080c630,0x00000000c5300000)
 Metaspace       used 20812K, capacity 21112K, committed 21296K, reserved 1067008K
  class space    used 2821K, capacity 2929K, committed 2944K, reserved 1048576K
}
Event: 936,861 GC heap before
{Heap before GC invocations=5 (full 1):
 PSYoungGen      total 68608K, used 5088K [0x00000000eab00000, 0x00000000ef300000, 0x0000000100000000)
  eden space 63488K, 0% used [0x00000000eab00000,0x00000000eab00000,0x00000000ee900000)
  from space 5120K, 99% used [0x00000000eee00000,0x00000000ef2f8050,0x00000000ef300000)
  to   space 5120K, 0% used [0x00000000ee900000,0x00000000ee900000,0x00000000eee00000)
 ParOldGen       total 84992K, used 8241K [0x00000000c0000000, 0x00000000c5300000, 0x00000000eab00000)
  object space 84992K, 9% used [0x00000000c0000000,0x00000000c080c630,0x00000000c5300000)
 Metaspace       used 20812K, capacity 21112K, committed 21296K, reserved 1067008K
  class space    used 2821K, capacity 2929K, committed 2944K, reserved 1048576K
Event: 936,997 GC heap after
Heap after GC invocations=5 (full 1):
 PSYoungGen      total 68608K, used 0K [0x00000000eab00000, 0x00000000ef300000, 0x0000000100000000)
  eden space 63488K, 0% used [0x00000000eab00000,0x00000000eab00000,0x00000000ee900000)
  from space 5120K, 0% used [0x00000000eee00000,0x00000000eee00000,0x00000000ef300000)
  to   space 5120K, 0% used [0x00000000ee900000,0x00000000ee900000,0x00000000eee00000)
 ParOldGen       total 49152K, used 11059K [0x00000000c0000000, 0x00000000c3000000, 0x00000000eab00000)
  object space 49152K, 22% used [0x00000000c0000000,0x00000000c0accc50,0x00000000c3000000)
 Metaspace       used 20812K, capacity 21112K, committed 21296K, reserved 1067008K
  class space    used 2821K, capacity 2929K, committed 2944K, reserved 1048576K
}
Event: 939,022 GC heap before
{Heap before GC invocations=6 (full 1):
 PSYoungGen      total 68608K, used 63488K [0x00000000eab00000, 0x00000000ef300000, 0x0000000100000000)
  eden space 63488K, 100% used [0x00000000eab00000,0x00000000ee900000,0x00000000ee900000)
  from space 5120K, 0% used [0x00000000eee00000,0x00000000eee00000,0x00000000ef300000)
  to   space 5120K, 0% used [0x00000000ee900000,0x00000000ee900000,0x00000000eee00000)
 ParOldGen       total 49152K, used 11059K [0x00000000c0000000, 0x00000000c3000000, 0x00000000eab00000)
  object space 49152K, 22% used [0x00000000c0000000,0x00000000c0accc50,0x00000000c3000000)
 Metaspace       used 25826K, capacity 26216K, committed 26368K, reserved 1071104K
  class space    used 3647K, capacity 3794K, committed 3840K, reserved 1048576K
Event: 939,049 GC heap after
Heap after GC invocations=6 (full 1):
 PSYoungGen      total 68608K, used 5104K [0x00000000eab00000, 0x00000000f3c00000, 0x0000000100000000)
  eden space 63488K, 0% used [0x00000000eab00000,0x00000000eab00000,0x00000000ee900000)
  from space 5120K, 99% used [0x00000000ee900000,0x00000000eedfc088,0x00000000eee00000)
  to   space 10752K, 0% used [0x00000000f3180000,0x00000000f3180000,0x00000000f3c00000)
 ParOldGen       total 49152K, used 12597K [0x00000000c0000000, 0x00000000c3000000, 0x00000000eab00000)
  object space 49152K, 25% used [0x00000000c0000000,0x00000000c0c4d660,0x00000000c3000000)
 Metaspace       used 25826K, capacity 26216K, committed 26368K, reserved 1071104K
  class space    used 3647K, capacity 3794K, committed 3840K, reserved 1048576K
}
Event: 945,516 GC heap before
{Heap before GC invocations=7 (full 1):
 PSYoungGen      total 68608K, used 68592K [0x00000000eab00000, 0x00000000f3c00000, 0x0000000100000000)
  eden space 63488K, 100% used [0x00000000eab00000,0x00000000ee900000,0x00000000ee900000)
  from space 5120K, 99% used [0x00000000ee900000,0x00000000eedfc088,0x00000000eee00000)
  to   space 10752K, 0% used [0x00000000f3180000,0x00000000f3180000,0x00000000f3c00000)
 ParOldGen       total 49152K, used 12597K [0x00000000c0000000, 0x00000000c3000000, 0x00000000eab00000)
  object space 49152K, 25% used [0x00000000c0000000,0x00000000c0c4d660,0x00000000c3000000)
 Metaspace       used 29908K, capacity 30430K, committed 30720K, reserved 1075200K
  class space    used 4120K, capacity 4284K, committed 4352K, reserved 1048576K
Event: 945,552 GC heap after
Heap after GC invocations=7 (full 1):
 PSYoungGen      total 136704K, used 7656K [0x00000000eab00000, 0x00000000f3b00000, 0x0000000100000000)
  eden space 126976K, 0% used [0x00000000eab00000,0x00000000eab00000,0x00000000f2700000)
  from space 9728K, 78% used [0x00000000f3180000,0x00000000f38fa060,0x00000000f3b00000)
  to   space 10240K, 0% used [0x00000000f2700000,0x00000000f2700000,0x00000000f3100000)
 ParOldGen       total 49152K, used 12605K [0x00000000c0000000, 0x00000000c3000000, 0x00000000eab00000)
  object space 49152K, 25% used [0x00000000c0000000,0x00000000c0c4f660,0x00000000c3000000)
 Metaspace       used 29908K, capacity 30430K, committed 30720K, reserved 1075200K
  class space    used 4120K, capacity 4284K, committed 4352K, reserved 1048576K
}
Event: 951,076 GC heap before
{Heap before GC invocations=8 (full 1):
 PSYoungGen      total 136704K, used 91796K [0x00000000eab00000, 0x00000000f3b00000, 0x0000000100000000)
  eden space 126976K, 66% used [0x00000000eab00000,0x00000000efd2b028,0x00000000f2700000)
  from space 9728K, 78% used [0x00000000f3180000,0x00000000f38fa060,0x00000000f3b00000)
  to   space 10240K, 0% used [0x00000000f2700000,0x00000000f2700000,0x00000000f3100000)
 ParOldGen       total 49152K, used 12605K [0x00000000c0000000, 0x00000000c3000000, 0x00000000eab00000)
  object space 49152K, 25% used [0x00000000c0000000,0x00000000c0c4f660,0x00000000c3000000)
 Metaspace       used 34619K, capacity 35200K, committed 35456K, reserved 1079296K
  class space    used 4749K, capacity 4924K, committed 4992K, reserved 1048576K

