# JRE version: Java(TM) SE Runtime Environment (8.0_144-b01) (build 1.8.0_144-b01)
# Java VM: Java HotSpot(TM) 64-Bit Server VM (25.144-b01 mixed mode linux-amd64 compressed oops)
Heap:
 PSYoungGen      total 251904K, used 14320K [0x00000000eab00000, 0x00000000fbb80000, 0x0000000100000000)
  eden space 237568K, 0% used [0x00000000eab00000,0x00000000eab00000,0x00000000f9300000)
  from space 14336K, 99% used [0x00000000f9300000,0x00000000fa0fc208,0x00000000fa100000)
  to   space 15360K, 0% used [0x00000000fa100000,0x00000000fa100000,0x00000000fb000000)
 ParOldGen       total 80896K, used 29757K [0x00000000c0000000, 0x00000000c4f00000, 0x00000000eab00000)
  object space 80896K, 36% used [0x00000000c0000000,0x00000000c1d0f610,0x00000000c4f00000)
 Metaspace       used 48841K, capacity 50082K, committed 50432K, reserved 1093632K
  class space    used 6734K, capacity 7056K, committed 7168K, reserved 1048576K
GC Heap History (10 events):
Event: 77,531 GC heap after
Heap after GC invocations=4 (full 1):
 PSYoungGen      total 68608K, used 0K [0x00000000eab00000, 0x00000000f3100000, 0x0000000100000000)
  eden space 63488K, 0% used [0x00000000eab00000,0x00000000eab00000,0x00000000ee900000)
  from space 5120K, 0% used [0x00000000ee900000,0x00000000ee900000,0x00000000eee00000)
  to   space 5120K, 0% used [0x00000000f2c00000,0x00000000f2c00000,0x00000000f3100000)
 ParOldGen       total 55296K, used 12462K [0x00000000c0000000, 0x00000000c3600000, 0x00000000eab00000)
  object space 55296K, 22% used [0x00000000c0000000,0x00000000c0c2b8e8,0x00000000c3600000)
 Metaspace       used 20889K, capacity 21176K, committed 21296K, reserved 1067008K
  class space    used 2826K, capacity 2929K, committed 2944K, reserved 1048576K
}
Event: 78,377 GC heap before
{Heap before GC invocations=5 (full 1):
 PSYoungGen      total 68608K, used 63488K [0x00000000eab00000, 0x00000000f3100000, 0x0000000100000000)
  eden space 63488K, 100% used [0x00000000eab00000,0x00000000ee900000,0x00000000ee900000)
  from space 5120K, 0% used [0x00000000ee900000,0x00000000ee900000,0x00000000eee00000)
  to   space 5120K, 0% used [0x00000000f2c00000,0x00000000f2c00000,0x00000000f3100000)
 ParOldGen       total 55296K, used 12462K [0x00000000c0000000, 0x00000000c3600000, 0x00000000eab00000)
  object space 55296K, 22% used [0x00000000c0000000,0x00000000c0c2b8e8,0x00000000c3600000)
 Metaspace       used 25866K, capacity 26280K, committed 26624K, reserved 1073152K
  class space    used 3649K, capacity 3794K, committed 3840K, reserved 1048576K
Event: 78,391 GC heap after
Heap after GC invocations=5 (full 1):
 PSYoungGen      total 127488K, used 5118K [0x00000000eab00000, 0x00000000f3100000, 0x0000000100000000)
  eden space 122368K, 0% used [0x00000000eab00000,0x00000000eab00000,0x00000000f2280000)
  from space 5120K, 99% used [0x00000000f2c00000,0x00000000f30ff9c0,0x00000000f3100000)
  to   space 5120K, 0% used [0x00000000f2700000,0x00000000f2700000,0x00000000f2c00000)
 ParOldGen       total 55296K, used 13982K [0x00000000c0000000, 0x00000000c3600000, 0x00000000eab00000)
  object space 55296K, 25% used [0x00000000c0000000,0x00000000c0da7950,0x00000000c3600000)
 Metaspace       used 25866K, capacity 26280K, committed 26624K, reserved 1073152K
  class space    used 3649K, capacity 3794K, committed 3840K, reserved 1048576K
}
Event: 80,126 GC heap before
{Heap before GC invocations=6 (full 1):
 PSYoungGen      total 127488K, used 127486K [0x00000000eab00000, 0x00000000f3100000, 0x0000000100000000)
  eden space 122368K, 100% used [0x00000000eab00000,0x00000000f2280000,0x00000000f2280000)
  from space 5120K, 99% used [0x00000000f2c00000,0x00000000f30ff9c0,0x00000000f3100000)
  to   space 5120K, 0% used [0x00000000f2700000,0x00000000f2700000,0x00000000f2c00000)
 ParOldGen       total 55296K, used 13982K [0x00000000c0000000, 0x00000000c3600000, 0x00000000eab00000)
  object space 55296K, 25% used [0x00000000c0000000,0x00000000c0da7950,0x00000000c3600000)
 Metaspace       used 33498K, capacity 34064K, committed 34560K, reserved 1079296K
  class space    used 4603K, capacity 4741K, committed 4864K, reserved 1048576K
Event: 80,156 GC heap after
Heap after GC invocations=6 (full 1):
 PSYoungGen      total 132096K, used 5088K [0x00000000eab00000, 0x00000000fb000000, 0x0000000100000000)
  eden space 126976K, 0% used [0x00000000eab00000,0x00000000eab00000,0x00000000f2700000)
  from space 5120K, 99% used [0x00000000f2700000,0x00000000f2bf8010,0x00000000f2c00000)
  to   space 15360K, 0% used [0x00000000fa100000,0x00000000fa100000,0x00000000fb000000)
 ParOldGen       total 55296K, used 21473K [0x00000000c0000000, 0x00000000c3600000, 0x00000000eab00000)
  object space 55296K, 38% used [0x00000000c0000000,0x00000000c14f8720,0x00000000c3600000)
 Metaspace       used 33498K, capacity 34064K, committed 34560K, reserved 1079296K
  class space    used 4603K, capacity 4741K, committed 4864K, reserved 1048576K
}
Event: 80,423 GC heap before
{Heap before GC invocations=7 (full 1):
 PSYoungGen      total 132096K, used 26554K [0x00000000eab00000, 0x00000000fb000000, 0x0000000100000000)
  eden space 126976K, 16% used [0x00000000eab00000,0x00000000ebff6898,0x00000000f2700000)
  from space 5120K, 99% used [0x00000000f2700000,0x00000000f2bf8010,0x00000000f2c00000)
  to   space 15360K, 0% used [0x00000000fa100000,0x00000000fa100000,0x00000000fb000000)
 ParOldGen       total 55296K, used 21473K [0x00000000c0000000, 0x00000000c3600000, 0x00000000eab00000)
  object space 55296K, 38% used [0x00000000c0000000,0x00000000c14f8720,0x00000000c3600000)
 Metaspace       used 34595K, capacity 35136K, committed 35456K, reserved 1079296K
  class space    used 4732K, capacity 4884K, committed 4992K, reserved 1048576K
Event: 80,447 GC heap after
Heap after GC invocations=7 (full 1):
 PSYoungGen      total 252928K, used 8131K [0x00000000eab00000, 0x00000000fbb80000, 0x0000000100000000)
  eden space 237568K, 0% used [0x00000000eab00000,0x00000000eab00000,0x00000000f9300000)
  from space 15360K, 52% used [0x00000000fa100000,0x00000000fa8f0fd8,0x00000000fb000000)
  to   space 14336K, 0% used [0x00000000f9300000,0x00000000f9300000,0x00000000fa100000)
 ParOldGen       total 55296K, used 21481K [0x00000000c0000000, 0x00000000c3600000, 0x00000000eab00000)
  object space 55296K, 38% used [0x00000000c0000000,0x00000000c14fa720,0x00000000c3600000)
 Metaspace       used 34595K, capacity 35136K, committed 35456K, reserved 1079296K
  class space    used 4732K, capacity 4884K, committed 4992K, reserved 1048576K
}
Event: 80,447 GC heap before
{Heap before GC invocations=8 (full 2):
 PSYoungGen      total 252928K, used 8131K [0x00000000eab00000, 0x00000000fbb80000, 0x0000000100000000)
  eden space 237568K, 0% used [0x00000000eab00000,0x00000000eab00000,0x00000000f9300000)
  from space 15360K, 52% used [0x00000000fa100000,0x00000000fa8f0fd8,0x00000000fb000000)
  to   space 14336K, 0% used [0x00000000f9300000,0x00000000f9300000,0x00000000fa100000)
 ParOldGen       total 55296K, used 21481K [0x00000000c0000000, 0x00000000c3600000, 0x00000000eab00000)
  object space 55296K, 38% used [0x00000000c0000000,0x00000000c14fa720,0x00000000c3600000)
 Metaspace       used 34595K, capacity 35136K, committed 35456K, reserved 1079296K
  class space    used 4732K, capacity 4884K, committed 4992K, reserved 1048576K
Event: 80,568 GC heap after
Heap after GC invocations=8 (full 2):
 PSYoungGen      total 252928K, used 0K [0x00000000eab00000, 0x00000000fbb80000, 0x0000000100000000)
  eden space 237568K, 0% used [0x00000000eab00000,0x00000000eab00000,0x00000000f9300000)
  from space 15360K, 0% used [0x00000000fa100000,0x00000000fa100000,0x00000000fb000000)
  to   space 14336K, 0% used [0x00000000f9300000,0x00000000f9300000,0x00000000fa100000)
 ParOldGen       total 80896K, used 22023K [0x00000000c0000000, 0x00000000c4f00000, 0x00000000eab00000)
  object space 80896K, 27% used [0x00000000c0000000,0x00000000c1581f28,0x00000000c4f00000)
 Metaspace       used 34595K, capacity 35136K, committed 35456K, reserved 1079296K
  class space    used 4732K, capacity 4884K, committed 4992K, reserved 1048576K
}
Event: 101,005 GC heap before
{Heap before GC invocations=9 (full 2):
 PSYoungGen      total 252928K, used 237568K [0x00000000eab00000, 0x00000000fbb80000, 0x0000000100000000)
  eden space 237568K, 100% used [0x00000000eab00000,0x00000000f9300000,0x00000000f9300000)
  from space 15360K, 0% used [0x00000000fa100000,0x00000000fa100000,0x00000000fb000000)
  to   space 14336K, 0% used [0x00000000f9300000,0x00000000f9300000,0x00000000fa100000)
 ParOldGen       total 80896K, used 22023K [0x00000000c0000000, 0x00000000c4f00000, 0x00000000eab00000)
  object space 80896K, 27% used [0x00000000c0000000,0x00000000c1581f28,0x00000000c4f00000)
 Metaspace       used 48841K, capacity 50082K, committed 50432K, reserved 1093632K
  class space    used 6734K, capacity 7056K, committed 7168K, reserved 1048576K

